# JRE version: Java(TM) SE Runtime Environment (8.0_151-b12) (build 1.8.0_151-b12)
# Java VM: Java HotSpot(TM) 64-Bit Server VM (25.151-b12 mixed mode linux-amd64 compressed oops)
Heap:
 PSYoungGen      total 432128K, used 159779K [0x00000000d7100000, 0x0000000100000000, 0x0000000100000000)
  eden space 224256K, 0% used [0x00000000d7100000,0x00000000d7100000,0x00000000e4c00000)
  from space 207872K, 76% used [0x00000000f3500000,0x00000000fd108d58,0x0000000100000000)
  to   space 223232K, 0% used [0x00000000e4c00000,0x00000000e4c00000,0x00000000f2600000)
 ParOldGen       total 462848K, used 462369K [0x0000000085200000, 0x00000000a1600000, 0x00000000d7100000)
  object space 462848K, 99% used [0x0000000085200000,0x00000000a1588658,0x00000000a1600000)
 Metaspace       used 19855K, capacity 20106K, committed 20480K, reserved 1067008K
  class space    used 2434K, capacity 2521K, committed 2560K, reserved 1048576K
GC Heap History (10 events):
Event: 39.198 GC heap after
Heap after GC invocations=15 (full 3):
 PSYoungGen      total 365056K, used 84867K [0x00000000d7100000, 0x00000000fd500000, 0x0000000100000000)
  eden space 236032K, 0% used [0x00000000d7100000,0x00000000d7100000,0x00000000e5780000)
  from space 129024K, 65% used [0x00000000f0000000,0x00000000f52e0e10,0x00000000f7e00000)
  to   space 172544K, 0% used [0x00000000e5780000,0x00000000e5780000,0x00000000f0000000)
 ParOldGen       total 462848K, used 286135K [0x0000000085200000, 0x00000000a1600000, 0x00000000d7100000)
  object space 462848K, 61% used [0x0000000085200000,0x000000009696ddd8,0x00000000a1600000)
 Metaspace       used 19855K, capacity 20106K, committed 20480K, reserved 1067008K
  class space    used 2434K, capacity 2521K, committed 2560K, reserved 1048576K
}
Event: 41.431 GC heap before
{Heap before GC invocations=16 (full 3):
 PSYoungGen      total 365056K, used 320899K [0x00000000d7100000, 0x00000000fd500000, 0x0000000100000000)
  eden space 236032K, 100% used [0x00000000d7100000,0x00000000e5780000,0x00000000e5780000)
  from space 129024K, 65% used [0x00000000f0000000,0x00000000f52e0e10,0x00000000f7e00000)
  to   space 172544K, 0% used [0x00000000e5780000,0x00000000e5780000,0x00000000f0000000)
 ParOldGen       total 462848K, used 286135K [0x0000000085200000, 0x00000000a1600000, 0x00000000d7100000)
  object space 462848K, 61% used [0x0000000085200000,0x000000009696ddd8,0x00000000a1600000)
 Metaspace       used 19855K, capacity 20106K, committed 20480K, reserved 1067008K
  class space    used 2434K, capacity 2521K, committed 2560K, reserved 1048576K
Event: 42.436 GC heap after
Heap after GC invocations=16 (full 3):
 PSYoungGen      total 408576K, used 106912K [0x00000000d7100000, 0x00000000fe300000, 0x0000000100000000)
  eden space 236032K, 0% used [0x00000000d7100000,0x00000000d7100000,0x00000000e5780000)
  from space 172544K, 61% used [0x00000000e5780000,0x00000000ebfe8000,0x00000000f0000000)
  to   space 178176K, 0% used [0x00000000f3500000,0x00000000f3500000,0x00000000fe300000)
 ParOldGen       total 462848K, used 325607K [0x0000000085200000, 0x00000000a1600000, 0x00000000d7100000)
  object space 462848K, 70% used [0x0000000085200000,0x0000000098ff9dd8,0x00000000a1600000)
 Metaspace       used 19855K, capacity 20106K, committed 20480K, reserved 1067008K
  class space    used 2434K, capacity 2521K, committed 2560K, reserved 1048576K
}
Event: 44.392 GC heap before
{Heap before GC invocations=17 (full 3):
 PSYoungGen      total 408576K, used 342944K [0x00000000d7100000, 0x00000000fe300000, 0x0000000100000000)
  eden space 236032K, 100% used [0x00000000d7100000,0x00000000e5780000,0x00000000e5780000)
  from space 172544K, 61% used [0x00000000e5780000,0x00000000ebfe8000,0x00000000f0000000)
  to   space 178176K, 0% used [0x00000000f3500000,0x00000000f3500000,0x00000000fe300000)
 ParOldGen       total 462848K, used 325607K [0x0000000085200000, 0x00000000a1600000, 0x00000000d7100000)
  object space 462848K, 70% used [0x0000000085200000,0x0000000098ff9dd8,0x00000000a1600000)
 Metaspace       used 19855K, capacity 20106K, committed 20480K, reserved 1067008K
  class space    used 2434K, capacity 2521K, committed 2560K, reserved 1048576K
Event: 45.307 GC heap after
Heap after GC invocations=17 (full 3):
 PSYoungGen      total 436736K, used 168192K [0x00000000d7100000, 0x0000000100000000, 0x0000000100000000)
  eden space 258560K, 0% used [0x00000000d7100000,0x00000000d7100000,0x00000000e6d80000)
  from space 178176K, 94% used [0x00000000f3500000,0x00000000fd940000,0x00000000fe300000)
  to   space 204288K, 0% used [0x00000000e6d80000,0x00000000e6d80000,0x00000000f3500000)
 ParOldGen       total 462848K, used 325607K [0x0000000085200000, 0x00000000a1600000, 0x00000000d7100000)
  object space 462848K, 70% used [0x0000000085200000,0x0000000098ff9dd8,0x00000000a1600000)
 Metaspace       used 19855K, capacity 20106K, committed 20480K, reserved 1067008K
  class space    used 2434K, capacity 2521K, committed 2560K, reserved 1048576K
}
Event: 47.765 GC heap before
{Heap before GC invocations=18 (full 3):
 PSYoungGen      total 436736K, used 426752K [0x00000000d7100000, 0x0000000100000000, 0x0000000100000000)
  eden space 258560K, 100% used [0x00000000d7100000,0x00000000e6d80000,0x00000000e6d80000)
  from space 178176K, 94% used [0x00000000f3500000,0x00000000fd940000,0x00000000fe300000)
  to   space 204288K, 0% used [0x00000000e6d80000,0x00000000e6d80000,0x00000000f3500000)
 ParOldGen       total 462848K, used 325607K [0x0000000085200000, 0x00000000a1600000, 0x00000000d7100000)
  object space 462848K, 70% used [0x0000000085200000,0x0000000098ff9dd8,0x00000000a1600000)
 Metaspace       used 19855K, capacity 20106K, committed 20480K, reserved 1067008K
  class space    used 2434K, capacity 2521K, committed 2560K, reserved 1048576K
Event: 49.112 GC heap after
Heap after GC invocations=18 (full 3):
 PSYoungGen      total 462848K, used 204288K [0x00000000d7100000, 0x0000000100000000, 0x0000000100000000)
  eden space 258560K, 0% used [0x00000000d7100000,0x00000000d7100000,0x00000000e6d80000)
  from space 204288K, 100% used [0x00000000e6d80000,0x00000000f3500000,0x00000000f3500000)
  to   space 207872K, 0% used [0x00000000f3500000,0x00000000f3500000,0x0000000100000000)
 ParOldGen       total 462848K, used 356599K [0x0000000085200000, 0x00000000a1600000, 0x00000000d7100000)
  object space 462848K, 77% used [0x0000000085200000,0x000000009ae3ddd8,0x00000000a1600000)
 Metaspace       used 19855K, capacity 20106K, committed 20480K, reserved 1067008K
  class space    used 2434K, capacity 2521K, committed 2560K, reserved 1048576K
}
Event: 51.330 GC heap before
{Heap before GC invocations=19 (full 3):
 PSYoungGen      total 462848K, used 447119K [0x00000000d7100000, 0x0000000100000000, 0x0000000100000000)
  eden space 258560K, 93% used [0x00000000d7100000,0x00000000e5e23fe0,0x00000000e6d80000)
  from space 204288K, 100% used [0x00000000e6d80000,0x00000000f3500000,0x00000000f3500000)
  to   space 207872K, 0% used [0x00000000f3500000,0x00000000f3500000,0x0000000100000000)
 ParOldGen       total 462848K, used 356599K [0x0000000085200000, 0x00000000a1600000, 0x00000000d7100000)
  object space 462848K, 77% used [0x0000000085200000,0x000000009ae3ddd8,0x00000000a1600000)
 Metaspace       used 19855K, capacity 20106K, committed 20480K, reserved 1067008K
  class space    used 2434K, capacity 2521K, committed 2560K, reserved 1048576K
Event: 53.040 GC heap after
Heap after GC invocations=19 (full 3):
 PSYoungGen      total 432128K, used 190240K [0x00000000d7100000, 0x0000000100000000, 0x0000000100000000)
  eden space 224256K, 0% used [0x00000000d7100000,0x00000000d7100000,0x00000000e4c00000)
  from space 207872K, 91% used [0x00000000f3500000,0x00000000feec8000,0x0000000100000000)
  to   space 223232K, 0% used [0x00000000e4c00000,0x00000000e4c00000,0x00000000f2600000)
 ParOldGen       total 462848K, used 432767K [0x0000000085200000, 0x00000000a1600000, 0x00000000d7100000)
  object space 462848K, 93% used [0x0000000085200000,0x000000009f89fdd8,0x00000000a1600000)
 Metaspace       used 19855K, capacity 20106K, committed 20480K, reserved 1067008K
  class space    used 2434K, capacity 2521K, committed 2560K, reserved 1048576K
}
Event: 53.040 GC heap before
{Heap before GC invocations=20 (full 4):
 PSYoungGen      total 432128K, used 190240K [0x00000000d7100000, 0x0000000100000000, 0x0000000100000000)
  eden space 224256K, 0% used [0x00000000d7100000,0x00000000d7100000,0x00000000e4c00000)
  from space 207872K, 91% used [0x00000000f3500000,0x00000000feec8000,0x0000000100000000)
  to   space 223232K, 0% used [0x00000000e4c00000,0x00000000e4c00000,0x00000000f2600000)
 ParOldGen       total 462848K, used 432767K [0x0000000085200000, 0x00000000a1600000, 0x00000000d7100000)
  object space 462848K, 93% used [0x0000000085200000,0x000000009f89fdd8,0x00000000a1600000)
 Metaspace       used 19855K, capacity 20106K, committed 20480K, reserved 1067008K
  class space    used 2434K, capacity 2521K, committed 2560K, reserved 1048576K

